Removed Pin From Net: NetName=NetC5_1 Pin=T1-1
Removed Pin From Net: NetName=NetC6_2 Pin=T1-2
Removed Pin From Net: NetName=GND Pin=T1-3
Removed Member From Class: ClassName=Sheet3 Member=T1
Added Component: Designator=Q?(SOT-143_N)
Add component (AddParameter): Name = "Code_JEDEC"; Value = "TO-226-AA"; VariantName = "[No Variations]"
Add component (AddParameter): Name = "LatestRevisionDate"; Value = "17-Jul-2002"; VariantName = "[No Variations]"
Add component (AddParameter): Name = "LatestRevisionNote"; Value = "Re-released for DXP Platform."; VariantName = "[No Variations]"
Add component (AddParameter): Name = "PackageDescription"; Value = "TO, Flat Index; 3 In-Line, Axial Leads; Body Dia. 4.8mm; Leads 0.55 x 0.51 mm (max)"; VariantName = "[No Variations]"
Add component (AddParameter): Name = "PackageReference"; Value = "TO-226-AA"; VariantName = "[No Variations]"
Add component (AddParameter): Name = "Published"; Value = "8-Jun-2000"; VariantName = "[No Variations]"
Add component (AddParameter): Name = "Publisher"; Value = "Altium Limited"; VariantName = "[No Variations]"
Added Pin To Net: NetName=NetC5_1 Pin=Q?-1
Added Pin To Net: NetName=NetC6_2 Pin=Q?-2
Added Pin To Net: NetName=GND Pin=Q?-3
Added Pin To Net: NetName=GND Pin=Q?-4
Change Class Name : Old Net Name=Sheet3 New Net Name=LNA_BFU500
Added Member To Class: ClassName=LNA_BFU500 Member=Component Q? NPN
Change Room Name: Old Name=Sheet3 New Name=LNA_BFU500
Change Room Scope: Old Scope=InComponentClass('Sheet3') New Scope=InComponentClass('LNA_BFU500')
