Added Component: Designator=C1(6-0805_L)
Added Component: Designator=C2(6-0805_L)
Added Component: Designator=C3(6-0805_L)
Added Component: Designator=C4(6-0805_L)
Added Component: Designator=C5(6-0805_L)
Added Component: Designator=C6(6-0805_L)
Added Component: Designator=C7(6-0805_L)
Added Component: Designator=C8(6-0805_L)
Added Component: Designator=C9(CP)
Added Component: Designator=C10(6-0805_L)
Added Component: Designator=C11(6-0805_L)
Added Component: Designator=C12(6-0805_L)
Added Component: Designator=C13(6-0805_L)
Added Component: Designator=J1(sma)
Added Component: Designator=J2(sma)
Added Component: Designator=L1(L)
Added Component: Designator=Q1(pd85004)
Added Component: Designator=R1(r)
Added Component: Designator=R2(r)
Added Component: Designator=RV1(POT4MM-2)
Add component (AddParameter): Name = "ComponentLink1Description"; Value = "Manufacturer Link"; VariantName = "[No Variations]"
Add component (AddParameter): Name = "ComponentLink1URL"; Value = "http://bourns.com/2/search.html"; VariantName = "[No Variations]"
Add component (AddParameter): Name = "DatasheetVersion"; Value = "Oct-2003"; VariantName = "[No Variations]"
Add component (AddParameter): Name = "PackageDescription"; Value = "Square Trimming Potentiometer"; VariantName = "[No Variations]"
Add component (AddParameter): Name = "PackageReference"; Value = "POT4MM-2"; VariantName = "[No Variations]"
Add component (AddParameter): Name = "Published"; Value = "17-Dec-2003"; VariantName = "[No Variations]"
Add component (AddParameter): Name = "Publisher"; Value = "Altium Limited"; VariantName = "[No Variations]"
Added Component: Designator=VCC(con1)
Added Pin To Net: NetName=12V Pin=C2-1
Added Pin To Net: NetName=12V Pin=C6-1
Added Pin To Net: NetName=12V Pin=C7-1
Added Pin To Net: NetName=12V Pin=C8-1
Added Pin To Net: NetName=12V Pin=C9-1
Added Pin To Net: NetName=12V Pin=L1-1
Added Pin To Net: NetName=12V Pin=R1-2
Added Pin To Net: NetName=12V Pin=VCC-1
Added Net: Name=12V
Added Pin To Net: NetName=GND Pin=C2-2
Added Pin To Net: NetName=GND Pin=C3-2
Added Pin To Net: NetName=GND Pin=C4-1
Added Pin To Net: NetName=GND Pin=C5-2
Added Pin To Net: NetName=GND Pin=C6-2
Added Pin To Net: NetName=GND Pin=C7-2
Added Pin To Net: NetName=GND Pin=C8-2
Added Pin To Net: NetName=GND Pin=C9-2
Added Pin To Net: NetName=GND Pin=C10-2
Added Pin To Net: NetName=GND Pin=C11-2
Added Pin To Net: NetName=GND Pin=C12-2
Added Pin To Net: NetName=GND Pin=C13-2
Added Pin To Net: NetName=GND Pin=J1-2
Added Pin To Net: NetName=GND Pin=J1-2
Added Pin To Net: NetName=GND Pin=J2-2
Added Pin To Net: NetName=GND Pin=J2-2
Added Pin To Net: NetName=GND Pin=Q1-2
Added Pin To Net: NetName=GND Pin=RV1-CCW
Added Pin To Net: NetName=GND Pin=VCC-2
Added Net: Name=GND
Added Pin To Net: NetName=in Pin=C1-1
Added Pin To Net: NetName=in Pin=J1-1
Added Net: Name=in
Added Pin To Net: NetName=NetC1_2 Pin=C1-2
Added Pin To Net: NetName=NetC1_2 Pin=C3-1
Added Pin To Net: NetName=NetC1_2 Pin=C5-1
Added Pin To Net: NetName=NetC1_2 Pin=C10-1
Added Pin To Net: NetName=NetC1_2 Pin=Q1-1
Added Pin To Net: NetName=NetC1_2 Pin=R2-2
Added Net: Name=NetC1_2
Added Pin To Net: NetName=NetC4_2 Pin=C4-2
Added Pin To Net: NetName=NetC4_2 Pin=R1-1
Added Pin To Net: NetName=NetC4_2 Pin=RV1-CW
Added Net: Name=NetC4_2
Added Pin To Net: NetName=out Pin=C11-1
Added Pin To Net: NetName=out Pin=C12-1
Added Pin To Net: NetName=out Pin=C13-1
Added Pin To Net: NetName=out Pin=J2-1
Added Pin To Net: NetName=out Pin=L1-2
Added Pin To Net: NetName=out Pin=Q1-3
Added Net: Name=out
Added Pin To Net: NetName=VG1 Pin=R2-1
Added Pin To Net: NetName=VG1 Pin=RV1-W
Added Net: Name=VG1
Added Class: Name=PD85004_PP_PA
Added Room: Name=PD85004_PP_PA
