Replace Part B1 choke in C:\Users\AlejandroAlmela\Documents\PD85004_altium\PD85004_PP_PA.SchDoc with choke from PD85004_PP_PA.SchLib
Replace Part B2 choke in C:\Users\AlejandroAlmela\Documents\PD85004_altium\PD85004_PP_PA.SchDoc with choke from PD85004_PP_PA.SchLib
Replace Part C1 C in C:\Users\AlejandroAlmela\Documents\PD85004_altium\PD85004_PP_PA.SchDoc with C from PD85004_PP_PA.SchLib
Replace Part C2 C in C:\Users\AlejandroAlmela\Documents\PD85004_altium\PD85004_PP_PA.SchDoc with C from PD85004_PP_PA.SchLib
Replace Part C3 C in C:\Users\AlejandroAlmela\Documents\PD85004_altium\PD85004_PP_PA.SchDoc with C from PD85004_PP_PA.SchLib
Replace Part C4 C in C:\Users\AlejandroAlmela\Documents\PD85004_altium\PD85004_PP_PA.SchDoc with C from PD85004_PP_PA.SchLib
Replace Part C5 CP1 in C:\Users\AlejandroAlmela\Documents\PD85004_altium\PD85004_PP_PA.SchDoc with CP1 from PD85004_PP_PA.SchLib
Replace Part C6 C in C:\Users\AlejandroAlmela\Documents\PD85004_altium\PD85004_PP_PA.SchDoc with C from PD85004_PP_PA.SchLib
Replace Part C7 C in C:\Users\AlejandroAlmela\Documents\PD85004_altium\PD85004_PP_PA.SchDoc with C from PD85004_PP_PA.SchLib
Replace Part C8 C in C:\Users\AlejandroAlmela\Documents\PD85004_altium\PD85004_PP_PA.SchDoc with C from PD85004_PP_PA.SchLib
Replace Part C9 C in C:\Users\AlejandroAlmela\Documents\PD85004_altium\PD85004_PP_PA.SchDoc with C from PD85004_PP_PA.SchLib
Replace Part C10 C in C:\Users\AlejandroAlmela\Documents\PD85004_altium\PD85004_PP_PA.SchDoc with C from PD85004_PP_PA.SchLib
Replace Part C11 C in C:\Users\AlejandroAlmela\Documents\PD85004_altium\PD85004_PP_PA.SchDoc with C from PD85004_PP_PA.SchLib
Replace Part C12 C in C:\Users\AlejandroAlmela\Documents\PD85004_altium\PD85004_PP_PA.SchDoc with C from PD85004_PP_PA.SchLib
Replace Part J1 SMA in C:\Users\AlejandroAlmela\Documents\PD85004_altium\PD85004_PP_PA.SchDoc with SMA from PD85004_PP_PA.SchLib
Replace Part J2 SMA in C:\Users\AlejandroAlmela\Documents\PD85004_altium\PD85004_PP_PA.SchDoc with SMA from PD85004_PP_PA.SchLib
Replace Part L1 L in C:\Users\AlejandroAlmela\Documents\PD85004_altium\PD85004_PP_PA.SchDoc with L from PD85004_PP_PA.SchLib
Replace Part Q1 MOSFET_N in C:\Users\AlejandroAlmela\Documents\PD85004_altium\PD85004_PP_PA.SchDoc with MOSFET_N from PD85004_PP_PA.SchLib
Replace Part R1 R in C:\Users\AlejandroAlmela\Documents\PD85004_altium\PD85004_PP_PA.SchDoc with R from PD85004_PP_PA.SchLib
Replace Part R2 RPot SM in C:\Users\AlejandroAlmela\Documents\PD85004_altium\PD85004_PP_PA.SchDoc with RPot SM from Miscellaneous Devices.IntLib
Replace Part R3 R in C:\Users\AlejandroAlmela\Documents\PD85004_altium\PD85004_PP_PA.SchDoc with R from PD85004_PP_PA.SchLib
Replace Part R4 R in C:\Users\AlejandroAlmela\Documents\PD85004_altium\PD85004_PP_PA.SchDoc with R from PD85004_PP_PA.SchLib
Replace Part R5 R in C:\Users\AlejandroAlmela\Documents\PD85004_altium\PD85004_PP_PA.SchDoc with R from PD85004_PP_PA.SchLib
Replace Part VCC CONN_2 in C:\Users\AlejandroAlmela\Documents\PD85004_altium\PD85004_PP_PA.SchDoc with CONN_2 from PD85004_PP_PA.SchLib
